<?xml version="1.0" encoding="UTF-8"?>
<!-- Generated by org.testng.reporters.JUnitXMLReporter -->
<testsuite hostname="LAPTOP-0KRJ83MC" ignored="0" name="Test Basics 1" tests="4" failures="2" timestamp="26 Jul 2020 17:40:44 GMT" time="84.443" errors="0">
  <testcase name="verifyHomePageTitle" time="0.485" classname="com.qa.quidlo.test.HomePageTest"/>
  <testcase name="verifySignUpPageNav" time="6.167" classname="com.qa.quidlo.test.HomePageTest"/>
  <testcase name="verifySignupPageTest" time="0.017" classname="com.qa.quidlo.test.SignupPageTest">
    <failure type="java.lang.AssertionError" message="Sign up Page title does not match expected [Timesheets] but found [Time tracking software for productive teams]">
      <![CDATA[java.lang.AssertionError: Sign up Page title does not match expected [Timesheets] but found [Time tracking software for productive teams]
	at com.qa.quidlo.test.SignupPageTest.verifySignupPageTest(SignupPageTest.java:34)
... Removed 30 stack frames]]>
    </failure>
  </testcase> <!-- verifySignupPageTest -->
  <testcase name="verifySignupTest" time="27.952" classname="com.qa.quidlo.test.SignupPageTest">
    <failure type="java.lang.NullPointerException">
      <![CDATA[java.lang.NullPointerException
	at org.openqa.selenium.support.events.EventFiringWebDriver.extractInterfaces(EventFiringWebDriver.java:120)
	at org.openqa.selenium.support.events.EventFiringWebDriver.access$300(EventFiringWebDriver.java:69)
	at org.openqa.selenium.support.events.EventFiringWebDriver$EventFiringWebElement.<init>(EventFiringWebDriver.java:397)
	at org.openqa.selenium.support.events.EventFiringWebDriver$EventFiringWebElement.<init>(EventFiringWebDriver.java:389)
	at org.openqa.selenium.support.events.EventFiringWebDriver.createWebElement(EventFiringWebDriver.java:327)
	at org.openqa.selenium.support.events.EventFiringWebDriver.findElement(EventFiringWebDriver.java:196)
	at org.openqa.selenium.support.pagefactory.DefaultElementLocator.findElement(DefaultElementLocator.java:69)
	at org.openqa.selenium.support.pagefactory.internal.LocatingElementHandler.invoke(LocatingElementHandler.java:38)
	at com.sun.proxy.$Proxy11.toString(Unknown Source)
	at java.lang.String.valueOf(Unknown Source)
	at java.lang.StringBuilder.append(Unknown Source)
	at org.openqa.selenium.support.ui.ExpectedConditions$23.toString(ExpectedConditions.java:699)
	at java.lang.String.valueOf(Unknown Source)
	at java.lang.StringBuilder.append(Unknown Source)
	at org.openqa.selenium.support.ui.FluentWait.until(FluentWait.java:279)
	at com.qa.quidlo.pages.SignupPage.fillSignupDetails(SignupPage.java:36)
	at com.qa.quidlo.test.SignupPageTest.verifySignupTest(SignupPageTest.java:39)
... Removed 25 stack frames]]>
    </failure>
  </testcase> <!-- verifySignupTest -->
</testsuite> <!-- Test Basics 1 -->
