<?xml version="1.0" encoding="UTF-8"?>
<!-- Generated by org.testng.reporters.JUnitXMLReporter -->
<testsuite hostname="LAPTOP-0KRJ83MC" ignored="0" name="QuidloTest" tests="7" failures="1" timestamp="27 Jul 2020 19:46:36 GMT" time="170.363" errors="0">
  <testcase name="verifyHomePageTitle" time="0.031" classname="com.qa.quidlo.test.HomePageTest"/>
  <testcase name="verifySignUpPageNav" time="6.745" classname="com.qa.quidlo.test.HomePageTest"/>
  <testcase name="verifySignupPageTest" time="0.541" classname="com.qa.quidlo.test.SignupPageTest"/>
  <testcase name="verifySignupTest" time="3.87" classname="com.qa.quidlo.test.SignupPageTest"/>
  <testcase name="verifySignInPageTest" time="0.03" classname="com.qa.quidlo.test.SignInPageTest">
    <failure type="java.lang.AssertionError" message="Sign In Page title does not match expected [Timesheets			] but found [Timesheets]">
      <![CDATA[java.lang.AssertionError: Sign In Page title does not match expected [Timesheets			] but found [Timesheets]
	at com.qa.quidlo.test.SignInPageTest.verifySignInPageTest(SignInPageTest.java:34)
... Removed 30 stack frames]]>
    </failure>
  </testcase> <!-- verifySignInPageTest -->
  <testcase name="verifySignInTest" time="22.598" classname="com.qa.quidlo.test.SignInPageTest"/>
  <testcase name="verifySignInTest" time="7.728" classname="com.qa.quidlo.test.SignInPageTest"/>
</testsuite> <!-- QuidloTest -->
